<?xml version="1.0" encoding="UTF-8"?>
<testsuite name="co.helmethair.scalatest.example.TaggedTest" tests="2" skipped="0" failures="0" errors="0" timestamp="2023-06-14T02:58:00" hostname="cheeseng-RAVEN" time="0.003">
  <properties/>
  <testcase name="Integration tests can sometimes be slow" classname="co.helmethair.scalatest.example.TaggedTest" time="0.001"/>
  <testcase name="Unit tests can be fast" classname="co.helmethair.scalatest.example.TaggedTest" time="0.0"/>
  <system-out><![CDATA[]]></system-out>
  <system-err><![CDATA[>>>>> CustomListener: execution STARTED: Integration tests can sometimes be slow
>>>>> CustomListener: execution FINISHED: Integration tests can sometimes be slow with result: SUCCESSFUL
>>>>> CustomListener: execution STARTED: Unit tests can be fast
>>>>> CustomListener: execution FINISHED: Unit tests can be fast with result: SUCCESSFUL
>>>>> CustomListener: execution FINISHED: co.helmethair.scalatest.example.TaggedTest with result: SUCCESSFUL
]]></system-err>
</testsuite>
