<?xml version="1.0" encoding="UTF-8"?>
<testsuite name="co.helmethair.scalatest.example.CapitalNameTest" tests="1" skipped="0" failures="0" errors="0" timestamp="2023-06-14T02:58:00" hostname="cheeseng-RAVEN" time="0.017">
  <properties/>
  <testcase name="Capital name runs" classname="co.helmethair.scalatest.example.CapitalNameTest" time="0.017"/>
  <system-out><![CDATA[]]></system-out>
  <system-err><![CDATA[>>>>> CustomListener: execution STARTED: Capital name runs
>>>>> CustomListener: execution FINISHED: Capital name runs with result: SUCCESSFUL
>>>>> CustomListener: execution FINISHED: co.helmethair.scalatest.example.CapitalNameTest with result: SUCCESSFUL
]]></system-err>
</testsuite>
