<?xml version="1.0" encoding="UTF-8"?>
<testsuite name="co.helmethair.scalatest.example.SkipWithScalaTag" tests="4" skipped="0" failures="0" errors="0" timestamp="2023-06-14T02:58:00" hostname="cheeseng-RAVEN" time="0.007">
  <properties/>
  <testcase name="test one assert one" classname="co.helmethair.scalatest.example.SkipWithScalaTag" time="0.0"/>
  <testcase name="test one assert two" classname="co.helmethair.scalatest.example.SkipWithScalaTag" time="0.0"/>
  <testcase name="test two assert one" classname="co.helmethair.scalatest.example.SkipWithScalaTag" time="0.001"/>
  <testcase name="test two assert two" classname="co.helmethair.scalatest.example.SkipWithScalaTag" time="0.001"/>
  <system-out><![CDATA[]]></system-out>
  <system-err><![CDATA[>>>>> CustomListener: execution STARTED: test one assert one
>>>>> CustomListener: execution FINISHED: test one assert one with result: SUCCESSFUL
>>>>> CustomListener: execution STARTED: test one assert two
>>>>> CustomListener: execution FINISHED: test one assert two with result: SUCCESSFUL
>>>>> CustomListener: execution STARTED: test two assert one
>>>>> CustomListener: execution FINISHED: test two assert one with result: SUCCESSFUL
>>>>> CustomListener: execution STARTED: test two assert two
>>>>> CustomListener: execution FINISHED: test two assert two with result: SUCCESSFUL
>>>>> CustomListener: execution FINISHED: co.helmethair.scalatest.example.SkipWithScalaTag with result: SUCCESSFUL
]]></system-err>
</testsuite>
